<?xml version="1.0" encoding="UTF-8"?>
<testsuite name="r5a08.TestUserGreating" tests="1" skipped="0" failures="0" errors="0" timestamp="2024-09-30T12:08:43" hostname="einfolearning" time="0.064">
  <properties/>
  <testcase name="when_noun_is_correct()" classname="r5a08.TestUserGreating" time="0.064"/>
  <system-out><![CDATA[]]></system-out>
  <system-err><![CDATA[]]></system-err>
</testsuite>
